  Main.cpp
C:\Users\Ehsan\Documents\GitHub\Verve\Project1\Main.cpp(1274,41): warning C4312: 'type cast': conversion from 'unsigned int' to 'void *' of greater size
C:\Users\Ehsan\Documents\GitHub\Verve\Project1\Main.cpp(1274,61): warning C4244: 'argument': conversion from 'int' to 'float', possible loss of data
C:\Users\Ehsan\Documents\GitHub\Verve\Project1\Main.cpp(1274,52): warning C4244: 'argument': conversion from 'double' to 'float', possible loss of data
C:\Users\Ehsan\Documents\GitHub\Verve\Project1\Main.cpp(345,27): warning C4101: 'numColCh': unreferenced local variable
C:\Users\Ehsan\Documents\GitHub\Verve\Project1\Main.cpp(345,16): warning C4101: 'heightImg': unreferenced local variable
C:\Users\Ehsan\Documents\GitHub\Verve\Project1\Main.cpp(345,6): warning C4101: 'widthImg': unreferenced local variable
  Mesh.cpp
C:\Users\Ehsan\Documents\GitHub\Verve\Project1\Mesh.cpp(101,65): warning C4267: 'argument': conversion from 'size_t' to 'GLsizei', possible loss of data
C:\Users\Ehsan\Documents\GitHub\Verve\Project1\Mesh.cpp(117,43): warning C4267: 'argument': conversion from 'size_t' to 'GLsizei', possible loss of data
C:\Users\Ehsan\Documents\GitHub\Verve\Project1\Mesh.cpp(133,65): warning C4267: 'argument': conversion from 'size_t' to 'GLsizei', possible loss of data
  Model.cpp
C:\Users\Ehsan\Documents\GitHub\Verve\Project1\Model.cpp(262,94): warning C4267: 'argument': conversion from 'size_t' to 'GLuint', possible loss of data
C:\Users\Ehsan\Documents\GitHub\Verve\Project1\Model.cpp(270,96): warning C4267: 'argument': conversion from 'size_t' to 'GLuint', possible loss of data
  Texture.cpp
LINK : warning LNK4098: defaultlib 'MSVCRTD' conflicts with use of other libs; use /NODEFAULTLIB:library
  Generating code
  360 of 5122 functions ( 7.0%) were compiled, the rest were copied from previous compilation.
    47 functions were new in current compilation
    268 functions had inline decision re-evaluated but remain unchanged
  Finished generating code
glfw3.lib(context.obj) : warning LNK4099: PDB 'glfw.pdb' was not found with 'glfw3.lib(context.obj)' or at 'C:\Users\Ehsan\Documents\GitHub\Verve\Project1\x64\Release\glfw.pdb'; linking object as if no debug info
glfw3.lib(init.obj) : warning LNK4099: PDB 'glfw.pdb' was not found with 'glfw3.lib(init.obj)' or at 'C:\Users\Ehsan\Documents\GitHub\Verve\Project1\x64\Release\glfw.pdb'; linking object as if no debug info
glfw3.lib(input.obj) : warning LNK4099: PDB 'glfw.pdb' was not found with 'glfw3.lib(input.obj)' or at 'C:\Users\Ehsan\Documents\GitHub\Verve\Project1\x64\Release\glfw.pdb'; linking object as if no debug info
glfw3.lib(monitor.obj) : warning LNK4099: PDB '' was not found with 'glfw3.lib(monitor.obj)' or at ''; linking object as if no debug info
glfw3.lib(vulkan.obj) : warning LNK4099: PDB 'glfw.pdb' was not found with 'glfw3.lib(vulkan.obj)' or at 'C:\Users\Ehsan\Documents\GitHub\Verve\Project1\x64\Release\glfw.pdb'; linking object as if no debug info
glfw3.lib(window.obj) : warning LNK4099: PDB 'glfw.pdb' was not found with 'glfw3.lib(window.obj)' or at 'C:\Users\Ehsan\Documents\GitHub\Verve\Project1\x64\Release\glfw.pdb'; linking object as if no debug info
glfw3.lib(win32_init.obj) : warning LNK4099: PDB '' was not found with 'glfw3.lib(win32_init.obj)' or at ''; linking object as if no debug info
glfw3.lib(win32_joystick.obj) : warning LNK4099: PDB 'glfw.pdb' was not found with 'glfw3.lib(win32_joystick.obj)' or at 'C:\Users\Ehsan\Documents\GitHub\Verve\Project1\x64\Release\glfw.pdb'; linking object as if no debug info
glfw3.lib(win32_monitor.obj) : warning LNK4099: PDB 'glfw.pdb' was not found with 'glfw3.lib(win32_monitor.obj)' or at 'C:\Users\Ehsan\Documents\GitHub\Verve\Project1\x64\Release\glfw.pdb'; linking object as if no debug info
glfw3.lib(win32_time.obj) : warning LNK4099: PDB 'glfw.pdb' was not found with 'glfw3.lib(win32_time.obj)' or at 'C:\Users\Ehsan\Documents\GitHub\Verve\Project1\x64\Release\glfw.pdb'; linking object as if no debug info
glfw3.lib(win32_thread.obj) : warning LNK4099: PDB 'glfw.pdb' was not found with 'glfw3.lib(win32_thread.obj)' or at 'C:\Users\Ehsan\Documents\GitHub\Verve\Project1\x64\Release\glfw.pdb'; linking object as if no debug info
glfw3.lib(win32_window.obj) : warning LNK4099: PDB 'glfw.pdb' was not found with 'glfw3.lib(win32_window.obj)' or at 'C:\Users\Ehsan\Documents\GitHub\Verve\Project1\x64\Release\glfw.pdb'; linking object as if no debug info
glfw3.lib(wgl_context.obj) : warning LNK4099: PDB 'glfw.pdb' was not found with 'glfw3.lib(wgl_context.obj)' or at 'C:\Users\Ehsan\Documents\GitHub\Verve\Project1\x64\Release\glfw.pdb'; linking object as if no debug info
glfw3.lib(egl_context.obj) : warning LNK4099: PDB 'glfw.pdb' was not found with 'glfw3.lib(egl_context.obj)' or at 'C:\Users\Ehsan\Documents\GitHub\Verve\Project1\x64\Release\glfw.pdb'; linking object as if no debug info
glfw3.lib(osmesa_context.obj) : warning LNK4099: PDB 'glfw.pdb' was not found with 'glfw3.lib(osmesa_context.obj)' or at 'C:\Users\Ehsan\Documents\GitHub\Verve\Project1\x64\Release\glfw.pdb'; linking object as if no debug info
  Project1.vcxproj -> C:\Users\Ehsan\Documents\GitHub\Verve\Project1\x64\Release\Project1.exe
